#
# A fatal error has been detected by the Java Runtime Environment:
#
#  EXCEPTION_ACCESS_VIOLATION (0xc0000005) at pc=0x00007ffb05ebb462, pid=27128, tid=17936
#
# JRE version: OpenJDK Runtime Environment JBR-17.0.4+7-469.53-jcef (17.0.4+7) (build 17.0.4+7-b469.53)
# Java VM: OpenJDK 64-Bit Server VM JBR-17.0.4+7-469.53-jcef (17.0.4+7-b469.53, mixed mode, tiered, compressed oops, compressed class ptrs, g1 gc, windows-amd64)
# Problematic frame:
# C  [nvd3dumx.dll+0xacb462]
#
# No core dump will be written. Minidumps are not enabled by default on client versions of Windows
#
# If you would like to submit a bug report, please visit:
#   https://youtrack.jetbrains.com/issues/JBR
# The crash happened outside the Java Virtual Machine in native code.
# See problematic frame for where to report the bug.
#

---------------  S U M M A R Y ------------

Command Line: -Dawt.toolkit=com.intellij.desktop.DesktopActionsToolkit -Djava.rmi.server.hostname=127.0.0.1 -Duser.timezone=UTC -Xmx750m -Xms128m --add-exports=java.desktop/sun.awt=ALL-UNNAMED --add-exports=java.desktop/java.awt.peer=ALL-UNNAMED --add-opens=java.desktop/java.awt=ALL-UNNAMED --add-opens=jdk.unsupported/sun.misc=ALL-UNNAMED --add-opens=java.base/java.nio=ALL-UNNAMED -Dfile.encoding=UTF-8 com.intellij.database.remote.RemoteJdbcServer com.mysql.cj.jdbc.Driver

Host: Intel(R) Core(TM) i5-10200H CPU @ 2.40GHz, 8 cores, 15G,  Windows 11 , 64 bit Build 22621 (10.0.22621.963)
Time: Tue Jan 10 18:23:56 2023  Windows 11 , 64 bit Build 22621 (10.0.22621.963) elapsed time: 1167.096307 seconds (0d 0h 19m 27s)

---------------  T H R E A D  ---------------

Current thread (0x000001f0ec839890):  JavaThread "AWT-Windows" daemon [_thread_in_native, id=17936, stack(0x000000c17f800000,0x000000c17f900000)]

Stack: [0x000000c17f800000,0x000000c17f900000],  sp=0x000000c17f8fb370,  free space=1004k
Native frames: (J=compiled Java code, j=interpreted, Vv=VM code, C=native code)
C  [nvd3dumx.dll+0xacb462]

Java frames: (J=compiled Java code, j=interpreted, Vv=VM code)
j  sun.java2d.d3d.D3DGraphicsDevice.getDeviceCapsNative(I)I+0 java.desktop
j  sun.java2d.d3d.D3DGraphicsDevice$1.run()V+8 java.desktop
v  ~StubRoutines::call_stub
j  sun.awt.windows.WToolkit.eventLoop()V+0 java.desktop
j  sun.awt.windows.WToolkit.run()V+50 java.desktop
j  java.lang.Thread.run()V+11 java.base@17.0.4
v  ~StubRoutines::call_stub

siginfo: EXCEPTION_ACCESS_VIOLATION (0xc0000005), reading address 0x0000000000000004


Register to memory mapping:

RIP=0x00007ffb05ebb462 nvd3dumx.dll
RAX=0x0 is NULL
RBX=0x000001f0eed0a498 points into unknown readable memory: 0x0000000000000000 | 00 00 00 00 00 00 00 00
RCX=0x0 is NULL
RDX=0x000001f0d2a50000 points into unknown readable memory: 0x0000000000000000 | 00 00 00 00 00 00 00 00
RSP=0x000000c17f8fb370 is pointing into the stack for thread: 0x000001f0ec839890
RBP=0x000001f0eed0a158 points into unknown readable memory: 0x0000000400000000 | 00 00 00 00 04 00 00 00
RSI=0x0 is NULL
RDI=0x000000c17f8fb4f0 is pointing into the stack for thread: 0x000001f0ec839890
R8 =0x000001f0d2892400 points into unknown readable memory: 0x000001f0d2890cc0 | c0 0c 89 d2 f0 01 00 00
R9 =0x0000000000000001 is an unknown value
R10=0x0000000000000003 is an unknown value
R11=0x000000c17f8faee0 is pointing into the stack for thread: 0x000001f0ec839890
R12=0x000001f0ecfce000 points into unknown readable memory: 0x445c737265766972 | 72 69 76 65 72 73 5c 44
R13=0x0000000000000001 is an unknown value
R14=0x000000c17f8fb3e0 is pointing into the stack for thread: 0x000001f0ec839890
R15=0x000001f0ecfce088 points into unknown readable memory: 0x000001f0ed304800 | 00 48 30 ed f0 01 00 00


Registers:
RAX=0x0000000000000000, RBX=0x000001f0eed0a498, RCX=0x0000000000000000, RDX=0x000001f0d2a50000
RSP=0x000000c17f8fb370, RBP=0x000001f0eed0a158, RSI=0x0000000000000000, RDI=0x000000c17f8fb4f0
R8 =0x000001f0d2892400, R9 =0x0000000000000001, R10=0x0000000000000003, R11=0x000000c17f8faee0
R12=0x000001f0ecfce000, R13=0x0000000000000001, R14=0x000000c17f8fb3e0, R15=0x000001f0ecfce088
RIP=0x00007ffb05ebb462, EFLAGS=0x0000000000010246

Top of Stack: (sp=0x000000c17f8fb370)
0x000000c17f8fb370:   0000000000000000 000001f0eed08be0
0x000000c17f8fb380:   000001f0eed0a158 000001f0eed0a498
0x000000c17f8fb390:   000001f0eed0a158 00750064006f0072
0x000000c17f8fb3a0:   0000000000004000 000001f0ec8c7220
0x000000c17f8fb3b0:   000001f0ed338fc0 00007ffb05ebabfd
0x000000c17f8fb3c0:   000001f0eca08ab0 000000c17f8fb4c0
0x000000c17f8fb3d0:   000001f0eed0a498 007200650070004f
0x000000c17f8fb3e0:   0000000000000000 000001f0eca08ab0
0x000000c17f8fb3f0:   0000000000000000 0000000000000000
0x000000c17f8fb400:   0000000000000000 0000000000000000
0x000000c17f8fb410:   0000000000000000 0000000000000000
0x000000c17f8fb420:   0000000000000000 003600320032002e
0x000000c17f8fb430:   0000000100000000 0000000300000002
0x000000c17f8fb440:   0000000500000004 0000000700000006
0x000000c17f8fb450:   0000000900000008 0000000b0000000a
0x000000c17f8fb460:   0000000d0000000c 0000000f0000000e 

Instructions: (pc=0x00007ffb05ebb462)
0x00007ffb05ebb362:   00 00 00 48 8b 8b 80 01 00 00 d0 ea 80 e2 01 48
0x00007ffb05ebb372:   89 44 24 20 e8 a5 c4 ff ff f6 83 9c 00 00 00 02
0x00007ffb05ebb382:   74 38 8b 47 54 48 8d 0c 40 48 8b 47 58 c7 04 88
0x00007ffb05ebb392:   01 03 00 00 8b 47 54 48 8d 0c 40 48 8b 47 58 c7
0x00007ffb05ebb3a2:   44 88 04 01 00 00 00 8b 47 54 48 8d 0c 40 48 8b
0x00007ffb05ebb3b2:   47 58 c6 44 88 08 04 ff 47 54 4c 8b cf 48 89 6c
0x00007ffb05ebb3c2:   24 20 4c 8b c3 49 8b d6 48 8b ce e8 3e fb ff ff
0x00007ffb05ebb3d2:   0f b6 f0 84 c0 75 49 48 89 9f f0 04 00 00 4c 8b
0x00007ffb05ebb3e2:   c5 48 8b 87 e8 00 00 00 48 8b d7 49 8b ce 40 88
0x00007ffb05ebb3f2:   b0 e4 00 00 00 48 8b 87 e8 00 00 00 40 88 b0 e5
0x00007ffb05ebb402:   00 00 00 48 8b 87 e8 00 00 00 c7 40 48 07 00 00
0x00007ffb05ebb412:   00 e8 48 ce ff ff 85 c0 40 0f 95 c6 85 c0 74 3c
0x00007ffb05ebb422:   48 8b 4b 30 0f b6 93 9c 00 00 00 4c 8b 8b 88 01
0x00007ffb05ebb432:   00 00 4c 8b 83 80 01 00 00 48 8b 49 08 d0 ea 80
0x00007ffb05ebb442:   e2 01 e8 57 c2 ff ff 48 8b 4b 10 8b 51 04 48 8b
0x00007ffb05ebb452:   49 08 ff 15 4e 1a c8 00 48 89 43 50 48 8b 43 10
0x00007ffb05ebb462:   8b 78 04 49 8b 07 8b 88 94 01 00 00 c1 e9 12 f6
0x00007ffb05ebb472:   c1 01 74 77 0f b6 05 7b 44 c8 00 a8 01 74 49 a8
0x00007ffb05ebb482:   02 75 10 48 8d 0d 54 44 c8 00 e8 5f 7d f6 ff 84
0x00007ffb05ebb492:   c0 74 35 44 8b 05 54 44 c8 00 33 c0 4c 8b 0d 43
0x00007ffb05ebb4a2:   44 c8 00 45 85 c0 74 20 66 0f 1f 44 00 00 48 8d
0x00007ffb05ebb4b2:   14 40 41 81 7c d1 04 44 10 12 10 49 8d 0c d1 74
0x00007ffb05ebb4c2:   25 ff c0 41 3b c0 72 e6 b9 00 40 00 00 81 c1 ff
0x00007ffb05ebb4d2:   00 00 00 8d 87 ff 00 00 00 c1 e9 08 c1 e8 08 3b
0x00007ffb05ebb4e2:   c8 0f 42 c1 eb 07 8b 49 10 eb e2 33 c0 48 8b 6c
0x00007ffb05ebb4f2:   24 58 89 83 84 02 00 00 40 0f b6 c6 48 8b 74 24
0x00007ffb05ebb502:   60 48 8b 5c 24 50 48 83 c4 30 41 5f 41 5e 5f c3
0x00007ffb05ebb512:   cc cc cc cc cc cc cc cc cc cc cc cc cc cc 8b 01
0x00007ffb05ebb522:   25 00 00 01 00 c3 cc cc cc cc cc cc cc cc c2 00
0x00007ffb05ebb532:   00 cc cc cc cc cc cc cc cc cc cc cc cc cc 81 61
0x00007ffb05ebb542:   34 0f ff ff ff 48 8b c1 c3 cc cc cc cc cc 81 49
0x00007ffb05ebb552:   34 00 f0 00 00 48 8b c1 c3 cc cc cc cc cc 4c 8b 


Stack slot to memory mapping:
stack at sp + 0 slots: 0x0 is NULL
stack at sp + 1 slots: 0x000001f0eed08be0 points into unknown readable memory: 0x00007ffb06672410 | 10 24 67 06 fb 7f 00 00
stack at sp + 2 slots: 0x000001f0eed0a158 points into unknown readable memory: 0x0000000400000000 | 00 00 00 00 04 00 00 00
stack at sp + 3 slots: 0x000001f0eed0a498 points into unknown readable memory: 0x0000000000000000 | 00 00 00 00 00 00 00 00
stack at sp + 4 slots: 0x000001f0eed0a158 points into unknown readable memory: 0x0000000400000000 | 00 00 00 00 04 00 00 00
stack at sp + 5 slots: 0x00750064006f0072 is an unknown value
stack at sp + 6 slots: 0x0000000000004000 is an unknown value
stack at sp + 7 slots: 0x000001f0ec8c7220 points into unknown readable memory: 0x0000000000000000 | 00 00 00 00 00 00 00 00


---------------  P R O C E S S  ---------------

Threads class SMR info:
_java_thread_list=0x000001f0ed01a8e0, length=25, elements={
0x000001f0d2b4bec0, 0x000001f0ebcb07c0, 0x000001f0ebcb2380, 0x000001f0ebcf1910,
0x000001f0ebcf21d0, 0x000001f0ec838080, 0x000001f0ec83a700, 0x000001f0ec83fc60,
0x000001f0ec848710, 0x000001f0ec8518d0, 0x000001f0ec83abd0, 0x000001f0ec838ef0,
0x000001f0ec839d60, 0x000001f0ec83b570, 0x000001f0ec839890, 0x000001f0ec83a230,
0x000001f0ec83b0a0, 0x000001f0ec83ba40, 0x000001f0ec838550, 0x000001f0ec838a20,
0x000001f0ecf030c0, 0x000001f0ecf05740, 0x000001f0ecf078f0, 0x000001f0ecf060e0,
0x000001f0ecf018b0
}

Java Threads: ( => current thread )
  0x000001f0d2b4bec0 JavaThread "main" [_thread_blocked, id=15124, stack(0x000000c17e200000,0x000000c17e300000)]
  0x000001f0ebcb07c0 JavaThread "Reference Handler" daemon [_thread_blocked, id=31768, stack(0x000000c17e900000,0x000000c17ea00000)]
  0x000001f0ebcb2380 JavaThread "Finalizer" daemon [_thread_blocked, id=16556, stack(0x000000c17ea00000,0x000000c17eb00000)]
  0x000001f0ebcf1910 JavaThread "Signal Dispatcher" daemon [_thread_blocked, id=11844, stack(0x000000c17eb00000,0x000000c17ec00000)]
  0x000001f0ebcf21d0 JavaThread "Attach Listener" daemon [_thread_blocked, id=20520, stack(0x000000c17ec00000,0x000000c17ed00000)]
  0x000001f0ec838080 JavaThread "Service Thread" daemon [_thread_blocked, id=20864, stack(0x000000c17ed00000,0x000000c17ee00000)]
  0x000001f0ec83a700 JavaThread "Monitor Deflation Thread" daemon [_thread_blocked, id=28252, stack(0x000000c17ee00000,0x000000c17ef00000)]
  0x000001f0ec83fc60 JavaThread "C2 CompilerThread0" daemon [_thread_blocked, id=3160, stack(0x000000c17ef00000,0x000000c17f000000)]
  0x000001f0ec848710 JavaThread "C1 CompilerThread0" daemon [_thread_blocked, id=19924, stack(0x000000c17f000000,0x000000c17f100000)]
  0x000001f0ec8518d0 JavaThread "Sweeper thread" daemon [_thread_blocked, id=29016, stack(0x000000c17f100000,0x000000c17f200000)]
  0x000001f0ec83abd0 JavaThread "Common-Cleaner" daemon [_thread_blocked, id=30056, stack(0x000000c17f200000,0x000000c17f300000)]
  0x000001f0ec838ef0 JavaThread "Notification Thread" daemon [_thread_blocked, id=30664, stack(0x000000c17f300000,0x000000c17f400000)]
  0x000001f0ec839d60 JavaThread "mysql-cj-abandoned-connection-cleanup" daemon [_thread_blocked, id=29740, stack(0x000000c17f500000,0x000000c17f600000)]
  0x000001f0ec83b570 JavaThread "Java2D Disposer" daemon [_thread_blocked, id=31840, stack(0x000000c17f600000,0x000000c17f700000)]
=>0x000001f0ec839890 JavaThread "AWT-Windows" daemon [_thread_in_native, id=17936, stack(0x000000c17f800000,0x000000c17f900000)]
  0x000001f0ec83a230 JavaThread "RMI TCP Accept-39116" daemon [_thread_in_native, id=29944, stack(0x000000c17f900000,0x000000c17fa00000)]
  0x000001f0ec83b0a0 JavaThread "RMI TCP Accept-0" daemon [_thread_in_native, id=31096, stack(0x000000c17fa00000,0x000000c17fb00000)]
  0x000001f0ec83ba40 JavaThread "RMI Reaper" [_thread_blocked, id=9980, stack(0x000000c17fb00000,0x000000c17fc00000)]
  0x000001f0ec838550 JavaThread "RMI GC Daemon" daemon [_thread_blocked, id=23772, stack(0x000000c17fc00000,0x000000c17fd00000)]
  0x000001f0ec838a20 JavaThread "RMI TCP Connection(1)-127.0.0.1" daemon [_thread_in_native, id=32288, stack(0x000000c17fd00000,0x000000c17fe00000)]
  0x000001f0ecf030c0 JavaThread "RMI Scheduler(0)" daemon [_thread_blocked, id=28280, stack(0x000000c17fe00000,0x000000c17ff00000)]
  0x000001f0ecf05740 JavaThread "RMI RenewClean-[127.0.0.1:51318]" daemon [_thread_blocked, id=12808, stack(0x000000c100000000,0x000000c100100000)]
  0x000001f0ecf078f0 JavaThread "RMI TCP Connection(4)-127.0.0.1" daemon [_thread_in_native, id=20312, stack(0x000000c100100000,0x000000c100200000)]
  0x000001f0ecf060e0 JavaThread "AWT-Shutdown" [_thread_blocked, id=16496, stack(0x000000c100a00000,0x000000c100b00000)]
  0x000001f0ecf018b0 JavaThread "AWT-EventQueue-0" [_thread_in_native, id=30784, stack(0x000000c100b00000,0x000000c100c00000)]

Other Threads:
  0x000001f0ebc585a0 VMThread "VM Thread" [stack: 0x000000c17e800000,0x000000c17e900000] [id=6420]
  0x000001f0d4c39ec0 WatcherThread [stack: 0x000000c17f400000,0x000000c17f500000] [id=32400]
  0x000001f0d4c25f70 GCTaskThread "GC Thread#0" [stack: 0x000000c17e300000,0x000000c17e400000] [id=15704]
  0x000001f0ef762d10 GCTaskThread "GC Thread#1" [stack: 0x000000c100200000,0x000000c100300000] [id=27168]
  0x000001f0ef636000 GCTaskThread "GC Thread#2" [stack: 0x000000c100300000,0x000000c100400000] [id=29996]
  0x000001f0ef6362b0 GCTaskThread "GC Thread#3" [stack: 0x000000c100400000,0x000000c100500000] [id=31488]
  0x000001f0ed00b7f0 GCTaskThread "GC Thread#4" [stack: 0x000000c100500000,0x000000c100600000] [id=15208]
  0x000001f0efd7d620 GCTaskThread "GC Thread#5" [stack: 0x000000c100600000,0x000000c100700000] [id=32668]
  0x000001f0ecf754d0 GCTaskThread "GC Thread#6" [stack: 0x000000c100700000,0x000000c100800000] [id=29976]
  0x000001f0ecf75780 GCTaskThread "GC Thread#7" [stack: 0x000000c100800000,0x000000c100900000] [id=32396]
  0x000001f0d4c2d3e0 ConcurrentGCThread "G1 Main Marker" [stack: 0x000000c17e400000,0x000000c17e500000] [id=26696]
  0x000001f0d4c2e590 ConcurrentGCThread "G1 Conc#0" [stack: 0x000000c17e500000,0x000000c17e600000] [id=21184]
  0x000001f0ebb10090 ConcurrentGCThread "G1 Refine#0" [stack: 0x000000c17e600000,0x000000c17e700000] [id=3256]
  0x000001f0ed164de0 ConcurrentGCThread "G1 Refine#1" [stack: 0x000000c100900000,0x000000c100a00000] [id=29504]
  0x000001f0ebb11960 ConcurrentGCThread "G1 Service" [stack: 0x000000c17e700000,0x000000c17e800000] [id=25864]

Threads with active compile tasks:

VM state: not at safepoint (normal execution)

VM Mutex/Monitor currently owned by a thread: None

Heap address: 0x00000000d1200000, size: 750 MB, Compressed Oops mode: 32-bit

CDS archive(s) not mapped
Compressed class space mapped at: 0x0000000100000000-0x0000000140000000, reserved size: 1073741824
Narrow klass base: 0x0000000000000000, Narrow klass shift: 3, Narrow klass range: 0x140000000

GC Precious Log:
 CPUs: 8 total, 8 available
 Memory: 16291M
 Large Page Support: Disabled
 NUMA Support: Disabled
 Compressed Oops: Enabled (32-bit)
 Heap Region Size: 1M
 Heap Min Capacity: 128M
 Heap Initial Capacity: 128M
 Heap Max Capacity: 750M
 Pre-touch: Disabled
 Parallel Workers: 8
 Concurrent Workers: 2
 Concurrent Refinement Workers: 8
 Periodic GC: Disabled

Heap:
 garbage-first heap   total 131072K, used 14374K [0x00000000d1200000, 0x0000000100000000)
  region size 1024K, 10 young (10240K), 1 survivors (1024K)
 Metaspace       used 20526K, committed 20800K, reserved 1073152K
  class space    used 2034K, committed 2176K, reserved 1048576K

Heap Regions: E=young(eden), S=young(survivor), O=old, HS=humongous(starts), HC=humongous(continues), CS=collection set, F=free, OA=open archive, CA=closed archive, TAMS=top-at-mark-start (previous, next)
|   0|0x00000000d1200000, 0x00000000d1300000, 0x00000000d1300000|100%| O|  |TAMS 0x00000000d1200000, 0x00000000d1200000| Untracked 
|   1|0x00000000d1300000, 0x00000000d1400000, 0x00000000d1400000|100%| O|  |TAMS 0x00000000d1300000, 0x00000000d1300000| Untracked 
|   2|0x00000000d1400000, 0x00000000d1500000, 0x00000000d1500000|100%| O|  |TAMS 0x00000000d1400000, 0x00000000d1400000| Untracked 
|   3|0x00000000d1500000, 0x00000000d1600000, 0x00000000d1600000|100%| O|  |TAMS 0x00000000d1500000, 0x00000000d1500000| Untracked 
|   4|0x00000000d1600000, 0x00000000d1700000, 0x00000000d1700000|100%| O|  |TAMS 0x00000000d1600000, 0x00000000d1600000| Untracked 
|   5|0x00000000d1700000, 0x00000000d1761a00, 0x00000000d1800000| 38%| O|  |TAMS 0x00000000d1700000, 0x00000000d1700000| Untracked 
|   6|0x00000000d1800000, 0x00000000d1800000, 0x00000000d1900000|  0%| F|  |TAMS 0x00000000d1800000, 0x00000000d1800000| Untracked 
|   7|0x00000000d1900000, 0x00000000d1900000, 0x00000000d1a00000|  0%| F|  |TAMS 0x00000000d1900000, 0x00000000d1900000| Untracked 
|   8|0x00000000d1a00000, 0x00000000d1a00000, 0x00000000d1b00000|  0%| F|  |TAMS 0x00000000d1a00000, 0x00000000d1a00000| Untracked 
|   9|0x00000000d1b00000, 0x00000000d1b00000, 0x00000000d1c00000|  0%| F|  |TAMS 0x00000000d1b00000, 0x00000000d1b00000| Untracked 
|  10|0x00000000d1c00000, 0x00000000d1c00000, 0x00000000d1d00000|  0%| F|  |TAMS 0x00000000d1c00000, 0x00000000d1c00000| Untracked 
|  11|0x00000000d1d00000, 0x00000000d1d00000, 0x00000000d1e00000|  0%| F|  |TAMS 0x00000000d1d00000, 0x00000000d1d00000| Untracked 
|  12|0x00000000d1e00000, 0x00000000d1e00000, 0x00000000d1f00000|  0%| F|  |TAMS 0x00000000d1e00000, 0x00000000d1e00000| Untracked 
|  13|0x00000000d1f00000, 0x00000000d1f00000, 0x00000000d2000000|  0%| F|  |TAMS 0x00000000d1f00000, 0x00000000d1f00000| Untracked 
|  14|0x00000000d2000000, 0x00000000d2000000, 0x00000000d2100000|  0%| F|  |TAMS 0x00000000d2000000, 0x00000000d2000000| Untracked 
|  15|0x00000000d2100000, 0x00000000d2100000, 0x00000000d2200000|  0%| F|  |TAMS 0x00000000d2100000, 0x00000000d2100000| Untracked 
|  16|0x00000000d2200000, 0x00000000d2200000, 0x00000000d2300000|  0%| F|  |TAMS 0x00000000d2200000, 0x00000000d2200000| Untracked 
|  17|0x00000000d2300000, 0x00000000d2300000, 0x00000000d2400000|  0%| F|  |TAMS 0x00000000d2300000, 0x00000000d2300000| Untracked 
|  18|0x00000000d2400000, 0x00000000d2400000, 0x00000000d2500000|  0%| F|  |TAMS 0x00000000d2400000, 0x00000000d2400000| Untracked 
|  19|0x00000000d2500000, 0x00000000d2500000, 0x00000000d2600000|  0%| F|  |TAMS 0x00000000d2500000, 0x00000000d2500000| Untracked 
|  20|0x00000000d2600000, 0x00000000d2600000, 0x00000000d2700000|  0%| F|  |TAMS 0x00000000d2600000, 0x00000000d2600000| Untracked 
|  21|0x00000000d2700000, 0x00000000d2700000, 0x00000000d2800000|  0%| F|  |TAMS 0x00000000d2700000, 0x00000000d2700000| Untracked 
|  22|0x00000000d2800000, 0x00000000d2800000, 0x00000000d2900000|  0%| F|  |TAMS 0x00000000d2800000, 0x00000000d2800000| Untracked 
|  23|0x00000000d2900000, 0x00000000d2900000, 0x00000000d2a00000|  0%| F|  |TAMS 0x00000000d2900000, 0x00000000d2900000| Untracked 
|  24|0x00000000d2a00000, 0x00000000d2a00000, 0x00000000d2b00000|  0%| F|  |TAMS 0x00000000d2a00000, 0x00000000d2a00000| Untracked 
|  25|0x00000000d2b00000, 0x00000000d2b00000, 0x00000000d2c00000|  0%| F|  |TAMS 0x00000000d2b00000, 0x00000000d2b00000| Untracked 
|  26|0x00000000d2c00000, 0x00000000d2c00000, 0x00000000d2d00000|  0%| F|  |TAMS 0x00000000d2c00000, 0x00000000d2c00000| Untracked 
|  27|0x00000000d2d00000, 0x00000000d2d00000, 0x00000000d2e00000|  0%| F|  |TAMS 0x00000000d2d00000, 0x00000000d2d00000| Untracked 
|  28|0x00000000d2e00000, 0x00000000d2e00000, 0x00000000d2f00000|  0%| F|  |TAMS 0x00000000d2e00000, 0x00000000d2e00000| Untracked 
|  29|0x00000000d2f00000, 0x00000000d2f00000, 0x00000000d3000000|  0%| F|  |TAMS 0x00000000d2f00000, 0x00000000d2f00000| Untracked 
|  30|0x00000000d3000000, 0x00000000d3000000, 0x00000000d3100000|  0%| F|  |TAMS 0x00000000d3000000, 0x00000000d3000000| Untracked 
|  31|0x00000000d3100000, 0x00000000d3100000, 0x00000000d3200000|  0%| F|  |TAMS 0x00000000d3100000, 0x00000000d3100000| Untracked 
|  32|0x00000000d3200000, 0x00000000d3200000, 0x00000000d3300000|  0%| F|  |TAMS 0x00000000d3200000, 0x00000000d3200000| Untracked 
|  33|0x00000000d3300000, 0x00000000d3300000, 0x00000000d3400000|  0%| F|  |TAMS 0x00000000d3300000, 0x00000000d3300000| Untracked 
|  34|0x00000000d3400000, 0x00000000d3400000, 0x00000000d3500000|  0%| F|  |TAMS 0x00000000d3400000, 0x00000000d3400000| Untracked 
|  35|0x00000000d3500000, 0x00000000d3500000, 0x00000000d3600000|  0%| F|  |TAMS 0x00000000d3500000, 0x00000000d3500000| Untracked 
|  36|0x00000000d3600000, 0x00000000d3600000, 0x00000000d3700000|  0%| F|  |TAMS 0x00000000d3600000, 0x00000000d3600000| Untracked 
|  37|0x00000000d3700000, 0x00000000d3700000, 0x00000000d3800000|  0%| F|  |TAMS 0x00000000d3700000, 0x00000000d3700000| Untracked 
|  38|0x00000000d3800000, 0x00000000d3800000, 0x00000000d3900000|  0%| F|  |TAMS 0x00000000d3800000, 0x00000000d3800000| Untracked 
|  39|0x00000000d3900000, 0x00000000d3900000, 0x00000000d3a00000|  0%| F|  |TAMS 0x00000000d3900000, 0x00000000d3900000| Untracked 
|  40|0x00000000d3a00000, 0x00000000d3a00000, 0x00000000d3b00000|  0%| F|  |TAMS 0x00000000d3a00000, 0x00000000d3a00000| Untracked 
|  41|0x00000000d3b00000, 0x00000000d3b00000, 0x00000000d3c00000|  0%| F|  |TAMS 0x00000000d3b00000, 0x00000000d3b00000| Untracked 
|  42|0x00000000d3c00000, 0x00000000d3c00000, 0x00000000d3d00000|  0%| F|  |TAMS 0x00000000d3c00000, 0x00000000d3c00000| Untracked 
|  43|0x00000000d3d00000, 0x00000000d3d00000, 0x00000000d3e00000|  0%| F|  |TAMS 0x00000000d3d00000, 0x00000000d3d00000| Untracked 
|  44|0x00000000d3e00000, 0x00000000d3e00000, 0x00000000d3f00000|  0%| F|  |TAMS 0x00000000d3e00000, 0x00000000d3e00000| Untracked 
|  45|0x00000000d3f00000, 0x00000000d3f00000, 0x00000000d4000000|  0%| F|  |TAMS 0x00000000d3f00000, 0x00000000d3f00000| Untracked 
|  46|0x00000000d4000000, 0x00000000d4000000, 0x00000000d4100000|  0%| F|  |TAMS 0x00000000d4000000, 0x00000000d4000000| Untracked 
|  47|0x00000000d4100000, 0x00000000d4100000, 0x00000000d4200000|  0%| F|  |TAMS 0x00000000d4100000, 0x00000000d4100000| Untracked 
|  48|0x00000000d4200000, 0x00000000d4200000, 0x00000000d4300000|  0%| F|  |TAMS 0x00000000d4200000, 0x00000000d4200000| Untracked 
|  49|0x00000000d4300000, 0x00000000d4300000, 0x00000000d4400000|  0%| F|  |TAMS 0x00000000d4300000, 0x00000000d4300000| Untracked 
|  50|0x00000000d4400000, 0x00000000d4400000, 0x00000000d4500000|  0%| F|  |TAMS 0x00000000d4400000, 0x00000000d4400000| Untracked 
|  51|0x00000000d4500000, 0x00000000d4500000, 0x00000000d4600000|  0%| F|  |TAMS 0x00000000d4500000, 0x00000000d4500000| Untracked 
|  52|0x00000000d4600000, 0x00000000d4600000, 0x00000000d4700000|  0%| F|  |TAMS 0x00000000d4600000, 0x00000000d4600000| Untracked 
|  53|0x00000000d4700000, 0x00000000d4700000, 0x00000000d4800000|  0%| F|  |TAMS 0x00000000d4700000, 0x00000000d4700000| Untracked 
|  54|0x00000000d4800000, 0x00000000d4800000, 0x00000000d4900000|  0%| F|  |TAMS 0x00000000d4800000, 0x00000000d4800000| Untracked 
|  55|0x00000000d4900000, 0x00000000d4900000, 0x00000000d4a00000|  0%| F|  |TAMS 0x00000000d4900000, 0x00000000d4900000| Untracked 
|  56|0x00000000d4a00000, 0x00000000d4a00000, 0x00000000d4b00000|  0%| F|  |TAMS 0x00000000d4a00000, 0x00000000d4a00000| Untracked 
|  57|0x00000000d4b00000, 0x00000000d4b00000, 0x00000000d4c00000|  0%| F|  |TAMS 0x00000000d4b00000, 0x00000000d4b00000| Untracked 
|  58|0x00000000d4c00000, 0x00000000d4c00000, 0x00000000d4d00000|  0%| F|  |TAMS 0x00000000d4c00000, 0x00000000d4c00000| Untracked 
|  59|0x00000000d4d00000, 0x00000000d4d00000, 0x00000000d4e00000|  0%| F|  |TAMS 0x00000000d4d00000, 0x00000000d4d00000| Untracked 
|  60|0x00000000d4e00000, 0x00000000d4e00000, 0x00000000d4f00000|  0%| F|  |TAMS 0x00000000d4e00000, 0x00000000d4e00000| Untracked 
|  61|0x00000000d4f00000, 0x00000000d4f00000, 0x00000000d5000000|  0%| F|  |TAMS 0x00000000d4f00000, 0x00000000d4f00000| Untracked 
|  62|0x00000000d5000000, 0x00000000d5000000, 0x00000000d5100000|  0%| F|  |TAMS 0x00000000d5000000, 0x00000000d5000000| Untracked 
|  63|0x00000000d5100000, 0x00000000d5100000, 0x00000000d5200000|  0%| F|  |TAMS 0x00000000d5100000, 0x00000000d5100000| Untracked 
|  64|0x00000000d5200000, 0x00000000d5200000, 0x00000000d5300000|  0%| F|  |TAMS 0x00000000d5200000, 0x00000000d5200000| Untracked 
|  65|0x00000000d5300000, 0x00000000d5300000, 0x00000000d5400000|  0%| F|  |TAMS 0x00000000d5300000, 0x00000000d5300000| Untracked 
|  66|0x00000000d5400000, 0x00000000d5400000, 0x00000000d5500000|  0%| F|  |TAMS 0x00000000d5400000, 0x00000000d5400000| Untracked 
|  67|0x00000000d5500000, 0x00000000d5500000, 0x00000000d5600000|  0%| F|  |TAMS 0x00000000d5500000, 0x00000000d5500000| Untracked 
|  68|0x00000000d5600000, 0x00000000d5600000, 0x00000000d5700000|  0%| F|  |TAMS 0x00000000d5600000, 0x00000000d5600000| Untracked 
|  69|0x00000000d5700000, 0x00000000d5700000, 0x00000000d5800000|  0%| F|  |TAMS 0x00000000d5700000, 0x00000000d5700000| Untracked 
|  70|0x00000000d5800000, 0x00000000d5800000, 0x00000000d5900000|  0%| F|  |TAMS 0x00000000d5800000, 0x00000000d5800000| Untracked 
|  71|0x00000000d5900000, 0x00000000d5900000, 0x00000000d5a00000|  0%| F|  |TAMS 0x00000000d5900000, 0x00000000d5900000| Untracked 
|  72|0x00000000d5a00000, 0x00000000d5a00000, 0x00000000d5b00000|  0%| F|  |TAMS 0x00000000d5a00000, 0x00000000d5a00000| Untracked 
|  73|0x00000000d5b00000, 0x00000000d5b00000, 0x00000000d5c00000|  0%| F|  |TAMS 0x00000000d5b00000, 0x00000000d5b00000| Untracked 
|  74|0x00000000d5c00000, 0x00000000d5c00000, 0x00000000d5d00000|  0%| F|  |TAMS 0x00000000d5c00000, 0x00000000d5c00000| Untracked 
|  75|0x00000000d5d00000, 0x00000000d5d00000, 0x00000000d5e00000|  0%| F|  |TAMS 0x00000000d5d00000, 0x00000000d5d00000| Untracked 
|  76|0x00000000d5e00000, 0x00000000d5e00000, 0x00000000d5f00000|  0%| F|  |TAMS 0x00000000d5e00000, 0x00000000d5e00000| Untracked 
|  77|0x00000000d5f00000, 0x00000000d5f00000, 0x00000000d6000000|  0%| F|  |TAMS 0x00000000d5f00000, 0x00000000d5f00000| Untracked 
|  78|0x00000000d6000000, 0x00000000d6000000, 0x00000000d6100000|  0%| F|  |TAMS 0x00000000d6000000, 0x00000000d6000000| Untracked 
|  79|0x00000000d6100000, 0x00000000d6100000, 0x00000000d6200000|  0%| F|  |TAMS 0x00000000d6100000, 0x00000000d6100000| Untracked 
|  80|0x00000000d6200000, 0x00000000d6200000, 0x00000000d6300000|  0%| F|  |TAMS 0x00000000d6200000, 0x00000000d6200000| Untracked 
|  81|0x00000000d6300000, 0x00000000d6300000, 0x00000000d6400000|  0%| F|  |TAMS 0x00000000d6300000, 0x00000000d6300000| Untracked 
|  82|0x00000000d6400000, 0x00000000d6400000, 0x00000000d6500000|  0%| F|  |TAMS 0x00000000d6400000, 0x00000000d6400000| Untracked 
|  83|0x00000000d6500000, 0x00000000d6500000, 0x00000000d6600000|  0%| F|  |TAMS 0x00000000d6500000, 0x00000000d6500000| Untracked 
|  84|0x00000000d6600000, 0x00000000d6600000, 0x00000000d6700000|  0%| F|  |TAMS 0x00000000d6600000, 0x00000000d6600000| Untracked 
|  85|0x00000000d6700000, 0x00000000d6700000, 0x00000000d6800000|  0%| F|  |TAMS 0x00000000d6700000, 0x00000000d6700000| Untracked 
|  86|0x00000000d6800000, 0x00000000d6800000, 0x00000000d6900000|  0%| F|  |TAMS 0x00000000d6800000, 0x00000000d6800000| Untracked 
|  87|0x00000000d6900000, 0x00000000d6900000, 0x00000000d6a00000|  0%| F|  |TAMS 0x00000000d6900000, 0x00000000d6900000| Untracked 
|  88|0x00000000d6a00000, 0x00000000d6a00000, 0x00000000d6b00000|  0%| F|  |TAMS 0x00000000d6a00000, 0x00000000d6a00000| Untracked 
|  89|0x00000000d6b00000, 0x00000000d6b00000, 0x00000000d6c00000|  0%| F|  |TAMS 0x00000000d6b00000, 0x00000000d6b00000| Untracked 
|  90|0x00000000d6c00000, 0x00000000d6c00000, 0x00000000d6d00000|  0%| F|  |TAMS 0x00000000d6c00000, 0x00000000d6c00000| Untracked 
|  91|0x00000000d6d00000, 0x00000000d6d00000, 0x00000000d6e00000|  0%| F|  |TAMS 0x00000000d6d00000, 0x00000000d6d00000| Untracked 
|  92|0x00000000d6e00000, 0x00000000d6e00000, 0x00000000d6f00000|  0%| F|  |TAMS 0x00000000d6e00000, 0x00000000d6e00000| Untracked 
|  93|0x00000000d6f00000, 0x00000000d6f00000, 0x00000000d7000000|  0%| F|  |TAMS 0x00000000d6f00000, 0x00000000d6f00000| Untracked 
|  94|0x00000000d7000000, 0x00000000d7000000, 0x00000000d7100000|  0%| F|  |TAMS 0x00000000d7000000, 0x00000000d7000000| Untracked 
|  95|0x00000000d7100000, 0x00000000d7100000, 0x00000000d7200000|  0%| F|  |TAMS 0x00000000d7100000, 0x00000000d7100000| Untracked 
|  96|0x00000000d7200000, 0x00000000d7200000, 0x00000000d7300000|  0%| F|  |TAMS 0x00000000d7200000, 0x00000000d7200000| Untracked 
|  97|0x00000000d7300000, 0x00000000d7300000, 0x00000000d7400000|  0%| F|  |TAMS 0x00000000d7300000, 0x00000000d7300000| Untracked 
|  98|0x00000000d7400000, 0x00000000d7400000, 0x00000000d7500000|  0%| F|  |TAMS 0x00000000d7400000, 0x00000000d7400000| Untracked 
|  99|0x00000000d7500000, 0x00000000d7500000, 0x00000000d7600000|  0%| F|  |TAMS 0x00000000d7500000, 0x00000000d7500000| Untracked 
| 100|0x00000000d7600000, 0x00000000d7600000, 0x00000000d7700000|  0%| F|  |TAMS 0x00000000d7600000, 0x00000000d7600000| Untracked 
| 101|0x00000000d7700000, 0x00000000d77a81c0, 0x00000000d7800000| 65%| S|CS|TAMS 0x00000000d7700000, 0x00000000d7700000| Complete 
| 102|0x00000000d7800000, 0x00000000d7800000, 0x00000000d7900000|  0%| F|  |TAMS 0x00000000d7800000, 0x00000000d7800000| Untracked 
| 103|0x00000000d7900000, 0x00000000d7900000, 0x00000000d7a00000|  0%| F|  |TAMS 0x00000000d7900000, 0x00000000d7900000| Untracked 
| 104|0x00000000d7a00000, 0x00000000d7a00000, 0x00000000d7b00000|  0%| F|  |TAMS 0x00000000d7a00000, 0x00000000d7a00000| Untracked 
| 105|0x00000000d7b00000, 0x00000000d7b00000, 0x00000000d7c00000|  0%| F|  |TAMS 0x00000000d7b00000, 0x00000000d7b00000| Untracked 
| 106|0x00000000d7c00000, 0x00000000d7c00000, 0x00000000d7d00000|  0%| F|  |TAMS 0x00000000d7c00000, 0x00000000d7c00000| Untracked 
| 107|0x00000000d7d00000, 0x00000000d7d00000, 0x00000000d7e00000|  0%| F|  |TAMS 0x00000000d7d00000, 0x00000000d7d00000| Untracked 
| 108|0x00000000d7e00000, 0x00000000d7e00000, 0x00000000d7f00000|  0%| F|  |TAMS 0x00000000d7e00000, 0x00000000d7e00000| Untracked 
| 109|0x00000000d7f00000, 0x00000000d7f00000, 0x00000000d8000000|  0%| F|  |TAMS 0x00000000d7f00000, 0x00000000d7f00000| Untracked 
| 110|0x00000000d8000000, 0x00000000d8000000, 0x00000000d8100000|  0%| F|  |TAMS 0x00000000d8000000, 0x00000000d8000000| Untracked 
| 111|0x00000000d8100000, 0x00000000d8100000, 0x00000000d8200000|  0%| F|  |TAMS 0x00000000d8100000, 0x00000000d8100000| Untracked 
| 112|0x00000000d8200000, 0x00000000d8200000, 0x00000000d8300000|  0%| F|  |TAMS 0x00000000d8200000, 0x00000000d8200000| Untracked 
| 113|0x00000000d8300000, 0x00000000d8300000, 0x00000000d8400000|  0%| F|  |TAMS 0x00000000d8300000, 0x00000000d8300000| Untracked 
| 114|0x00000000d8400000, 0x00000000d8400000, 0x00000000d8500000|  0%| F|  |TAMS 0x00000000d8400000, 0x00000000d8400000| Untracked 
| 115|0x00000000d8500000, 0x00000000d8500000, 0x00000000d8600000|  0%| F|  |TAMS 0x00000000d8500000, 0x00000000d8500000| Untracked 
| 116|0x00000000d8600000, 0x00000000d8600000, 0x00000000d8700000|  0%| F|  |TAMS 0x00000000d8600000, 0x00000000d8600000| Untracked 
| 117|0x00000000d8700000, 0x00000000d8700000, 0x00000000d8800000|  0%| F|  |TAMS 0x00000000d8700000, 0x00000000d8700000| Untracked 
| 118|0x00000000d8800000, 0x00000000d8800000, 0x00000000d8900000|  0%| F|  |TAMS 0x00000000d8800000, 0x00000000d8800000| Untracked 
| 119|0x00000000d8900000, 0x00000000d89a5ce8, 0x00000000d8a00000| 64%| E|  |TAMS 0x00000000d8900000, 0x00000000d8900000| Complete 
| 120|0x00000000d8a00000, 0x00000000d8b00000, 0x00000000d8b00000|100%| E|CS|TAMS 0x00000000d8a00000, 0x00000000d8a00000| Complete 
| 121|0x00000000d8b00000, 0x00000000d8c00000, 0x00000000d8c00000|100%| E|CS|TAMS 0x00000000d8b00000, 0x00000000d8b00000| Complete 
| 122|0x00000000d8c00000, 0x00000000d8d00000, 0x00000000d8d00000|100%| E|CS|TAMS 0x00000000d8c00000, 0x00000000d8c00000| Complete 
| 123|0x00000000d8d00000, 0x00000000d8e00000, 0x00000000d8e00000|100%| E|CS|TAMS 0x00000000d8d00000, 0x00000000d8d00000| Complete 
| 124|0x00000000d8e00000, 0x00000000d8f00000, 0x00000000d8f00000|100%| E|CS|TAMS 0x00000000d8e00000, 0x00000000d8e00000| Complete 
| 125|0x00000000d8f00000, 0x00000000d9000000, 0x00000000d9000000|100%| E|CS|TAMS 0x00000000d8f00000, 0x00000000d8f00000| Complete 
| 126|0x00000000d9000000, 0x00000000d9100000, 0x00000000d9100000|100%| E|CS|TAMS 0x00000000d9000000, 0x00000000d9000000| Complete 
| 127|0x00000000d9100000, 0x00000000d9200000, 0x00000000d9200000|100%| E|CS|TAMS 0x00000000d9100000, 0x00000000d9100000| Complete 

Card table byte_map: [0x000001f0e77f0000,0x000001f0e7970000] _byte_map_base: 0x000001f0e7167000

Marking Bits (Prev, Next): (CMBitMap*) 0x000001f0d4c26580, (CMBitMap*) 0x000001f0d4c265c0
 Prev Bits: [0x000001f0e7af0000, 0x000001f0e86a8000)
 Next Bits: [0x000001f0e86b0000, 0x000001f0e9268000)

Polling page: 0x000001f0d2b80000

Metaspace:

Usage:
  Non-class:     18.06 MB used.
      Class:      1.99 MB used.
       Both:     20.05 MB used.

Virtual space:
  Non-class space:       24.00 MB reserved,      18.19 MB ( 76%) committed,  3 nodes.
      Class space:        1.00 GB reserved,       2.12 MB ( <1%) committed,  1 nodes.
             Both:        1.02 GB reserved,      20.31 MB (  2%) committed. 

Chunk freelists:
   Non-Class:  1.85 MB
       Class:  1.90 MB
        Both:  3.75 MB

MaxMetaspaceSize: unlimited
CompressedClassSpaceSize: 1.00 GB
Initial GC threshold: 21.00 MB
Current GC threshold: 21.00 MB
CDS: off
MetaspaceReclaimPolicy: balanced
 - commit_granule_bytes: 65536.
 - commit_granule_words: 8192.
 - virtual_space_node_default_size: 1048576.
 - enlarge_chunks_in_place: 1.
 - new_chunks_are_fully_committed: 0.
 - uncommit_free_chunks: 1.
 - use_allocation_guard: 0.
 - handle_deallocations: 1.


Internal statistics:

num_allocs_failed_limit: 0.
num_arena_births: 344.
num_arena_deaths: 0.
num_vsnodes_births: 4.
num_vsnodes_deaths: 0.
num_space_committed: 325.
num_space_uncommitted: 0.
num_chunks_returned_to_freelist: 0.
num_chunks_taken_from_freelist: 704.
num_chunk_merges: 0.
num_chunk_splits: 419.
num_chunks_enlarged: 200.
num_purges: 0.
num_inconsistent_stats: 0.

CodeHeap 'non-profiled nmethods': size=120000Kb used=942Kb max_used=942Kb free=119057Kb
 bounds [0x000001f0dfe10000, 0x000001f0e0080000, 0x000001f0e7340000]
CodeHeap 'profiled nmethods': size=120000Kb used=4747Kb max_used=4747Kb free=115252Kb
 bounds [0x000001f0d88e0000, 0x000001f0d8d90000, 0x000001f0dfe10000]
CodeHeap 'non-nmethods': size=5760Kb used=1238Kb max_used=1300Kb free=4521Kb
 bounds [0x000001f0d8340000, 0x000001f0d85b0000, 0x000001f0d88e0000]
 total_blobs=2857 nmethods=2304 adapters=465
 compilation: enabled
              stopped_count=0, restarted_count=0
 full_count=0

Compilation events (20 events):
Event: 1119.559 Thread 0x000001f0ec848710 2294       3       java.util.concurrent.locks.AbstractQueuedSynchronizer$Node::<init> (5 bytes)
Event: 1119.559 Thread 0x000001f0ec848710 nmethod 2294 0x000001f0d8d7bd10 code [0x000001f0d8d7bea0, 0x000001f0d8d7bff8]
Event: 1128.560 Thread 0x000001f0ec848710 2295       3       java.util.concurrent.locks.AbstractQueuedSynchronizer$ConditionNode::<init> (5 bytes)
Event: 1128.560 Thread 0x000001f0ec848710 nmethod 2295 0x000001f0d8d7c090 code [0x000001f0d8d7c240, 0x000001f0d8d7c3f8]
Event: 1128.560 Thread 0x000001f0ec848710 2296       3       java.util.concurrent.locks.AbstractQueuedSynchronizer$ConditionObject::enableWait (84 bytes)
Event: 1128.561 Thread 0x000001f0ec848710 nmethod 2296 0x000001f0d8d7c510 code [0x000001f0d8d7c720, 0x000001f0d8d7ce68]
Event: 1135.305 Thread 0x000001f0ec848710 2297   !   3       jdk.internal.loader.URLClassPath$JarLoader::getResource (354 bytes)
Event: 1135.307 Thread 0x000001f0ec848710 nmethod 2297 0x000001f0d8d7d110 code [0x000001f0d8d7d580, 0x000001f0d8d7f558]
Event: 1137.560 Thread 0x000001f0ec848710 2298       3       java.util.concurrent.locks.AbstractQueuedSynchronizer$Node::getAndUnsetStatus (14 bytes)
Event: 1137.560 Thread 0x000001f0ec848710 nmethod 2298 0x000001f0d8d80790 code [0x000001f0d8d80940, 0x000001f0d8d80c28]
Event: 1137.560 Thread 0x000001f0ec848710 2299       3       java.util.concurrent.locks.AbstractQueuedSynchronizer$Node::clearStatus (12 bytes)
Event: 1137.561 Thread 0x000001f0ec848710 nmethod 2299 0x000001f0d8d80d90 code [0x000001f0d8d80f40, 0x000001f0d8d81108]
Event: 1137.561 Thread 0x000001f0ec848710 2300       3       jdk.internal.misc.Unsafe::putIntOpaque (9 bytes)
Event: 1137.561 Thread 0x000001f0ec848710 nmethod 2300 0x000001f0d8d81190 code [0x000001f0d8d81320, 0x000001f0d8d81438]
Event: 1155.611 Thread 0x000001f0ec848710 2301       3       java.util.concurrent.locks.AbstractQueuedSynchronizer$ConditionObject::unlinkCancelledWaiters (91 bytes)
Event: 1155.612 Thread 0x000001f0ec848710 nmethod 2301 0x000001f0d8d81510 code [0x000001f0d8d816e0, 0x000001f0d8d81b98]
Event: 1166.876 Thread 0x000001f0ec83fc60 2303       4       java.util.Objects::requireNonNull (15 bytes)
Event: 1166.876 Thread 0x000001f0ec83fc60 nmethod 2303 0x000001f0dfefb790 code [0x000001f0dfefb900, 0x000001f0dfefb978]
Event: 1166.880 Thread 0x000001f0ec848710 2304       3       jdk.internal.misc.VM::isSystemDomainLoader (17 bytes)
Event: 1166.880 Thread 0x000001f0ec848710 nmethod 2304 0x000001f0d8d81d10 code [0x000001f0d8d81f60, 0x000001f0d8d829f8]

GC Heap History (4 events):
Event: 6.601 GC heap before
{Heap before GC invocations=0 (full 0):
 garbage-first heap   total 131072K, used 22528K [0x00000000d1200000, 0x0000000100000000)
  region size 1024K, 23 young (23552K), 0 survivors (0K)
 Metaspace       used 18433K, committed 18624K, reserved 1073152K
  class space    used 1837K, committed 1920K, reserved 1048576K
}
Event: 6.606 GC heap after
{Heap after GC invocations=1 (full 0):
 garbage-first heap   total 131072K, used 5280K [0x00000000d1200000, 0x0000000100000000)
  region size 1024K, 3 young (3072K), 3 survivors (3072K)
 Metaspace       used 18433K, committed 18624K, reserved 1073152K
  class space    used 1837K, committed 1920K, reserved 1048576K
}
Event: 627.828 GC heap before
{Heap before GC invocations=1 (full 0):
 garbage-first heap   total 131072K, used 28832K [0x00000000d1200000, 0x0000000100000000)
  region size 1024K, 26 young (26624K), 3 survivors (3072K)
 Metaspace       used 20092K, committed 20352K, reserved 1073152K
  class space    used 1991K, committed 2112K, reserved 1048576K
}
Event: 627.832 GC heap after
{Heap after GC invocations=2 (full 0):
 garbage-first heap   total 131072K, used 6182K [0x00000000d1200000, 0x0000000100000000)
  region size 1024K, 1 young (1024K), 1 survivors (1024K)
 Metaspace       used 20092K, committed 20352K, reserved 1073152K
  class space    used 1991K, committed 2112K, reserved 1048576K
}

Deoptimization events (20 events):
Event: 100.921 Thread 0x000001f0ecf000a0 Uncommon trap: trap_request=0xffffffc6 fr.pc=0x000001f0dfed3c34 relative=0x00000000000003f4
Event: 100.921 Thread 0x000001f0ecf000a0 Uncommon trap: reason=bimorphic_or_optimized_type_check action=maybe_recompile pc=0x000001f0dfed3c34 method=java.util.HashMap.getNode(Ljava/lang/Object;)Ljava/util/HashMap$Node; @ 128 c2
Event: 100.921 Thread 0x000001f0ecf000a0 DEOPT PACKING pc=0x000001f0dfed3c34 sp=0x000000c17fffe490
Event: 100.921 Thread 0x000001f0ecf000a0 DEOPT UNPACKING pc=0x000001f0d83923a3 sp=0x000000c17fffe398 mode 2
Event: 102.919 Thread 0x000001f0ecf000a0 Uncommon trap: trap_request=0xffffffc6 fr.pc=0x000001f0dfed3c34 relative=0x00000000000003f4
Event: 102.919 Thread 0x000001f0ecf000a0 Uncommon trap: reason=bimorphic_or_optimized_type_check action=maybe_recompile pc=0x000001f0dfed3c34 method=java.util.HashMap.getNode(Ljava/lang/Object;)Ljava/util/HashMap$Node; @ 128 c2
Event: 102.919 Thread 0x000001f0ecf000a0 DEOPT PACKING pc=0x000001f0dfed3c34 sp=0x000000c17fffe490
Event: 102.919 Thread 0x000001f0ecf000a0 DEOPT UNPACKING pc=0x000001f0d83923a3 sp=0x000000c17fffe398 mode 2
Event: 120.420 Thread 0x000001f0ecf02bf0 Uncommon trap: trap_request=0xffffff45 fr.pc=0x000001f0dfeaeb24 relative=0x0000000000000664
Event: 120.420 Thread 0x000001f0ecf02bf0 Uncommon trap: reason=unstable_if action=reinterpret pc=0x000001f0dfeaeb24 method=java.io.BufferedInputStream.read()I @ 23 c2
Event: 120.420 Thread 0x000001f0ecf02bf0 DEOPT PACKING pc=0x000001f0dfeaeb24 sp=0x000000c1001fee90
Event: 120.420 Thread 0x000001f0ecf02bf0 DEOPT UNPACKING pc=0x000001f0d83923a3 sp=0x000000c1001fee70 mode 2
Event: 348.514 Thread 0x000001f0ecf05740 Uncommon trap: trap_request=0xffffff45 fr.pc=0x000001f0dfedc0f0 relative=0x0000000000000370
Event: 348.514 Thread 0x000001f0ecf05740 Uncommon trap: reason=unstable_if action=reinterpret pc=0x000001f0dfedc0f0 method=java.lang.ThreadLocal.get()Ljava/lang/Object; @ 11 c2
Event: 348.514 Thread 0x000001f0ecf05740 DEOPT PACKING pc=0x000001f0dfedc0f0 sp=0x000000c1000fea60
Event: 348.514 Thread 0x000001f0ecf05740 DEOPT UNPACKING pc=0x000001f0d83923a3 sp=0x000000c1000fe9b8 mode 2
Event: 1166.867 Thread 0x000001f0ec839890 Uncommon trap: trap_request=0xffffff45 fr.pc=0x000001f0dfec502c relative=0x000000000000010c
Event: 1166.867 Thread 0x000001f0ec839890 Uncommon trap: reason=unstable_if action=reinterpret pc=0x000001f0dfec502c method=java.lang.ThreadLocal.get()Ljava/lang/Object; @ 11 c2
Event: 1166.867 Thread 0x000001f0ec839890 DEOPT PACKING pc=0x000001f0dfec502c sp=0x000000c17f8fe670
Event: 1166.867 Thread 0x000001f0ec839890 DEOPT UNPACKING pc=0x000001f0d83923a3 sp=0x000000c17f8fe600 mode 2

Classes unloaded (0 events):
No events

Classes redefined (0 events):
No events

Internal exceptions (20 events):
Event: 6.111 Thread 0x000001f0ecf000a0 Implicit null exception at 0x000001f0dfe4d8f2 to 0x000001f0dfe4e28c
Event: 8.497 Thread 0x000001f0ecf000a0 Exception <a 'java/lang/NoSuchMethodError'{0x00000000d9068758}: static Lcom/intellij/database/remote/jdba/core/ConnectionInfo;.<clinit>()V> (0x00000000d9068758) 
thrown [s\src\hotspot\share\prims\jni.cpp, line 1108]
Event: 8.497 Thread 0x000001f0ecf000a0 Exception <a 'java/lang/NoSuchMethodError'{0x00000000d9072ec8}: static Ljava/lang/Object;.<clinit>()V> (0x00000000d9072ec8) 
thrown [s\src\hotspot\share\prims\jni.cpp, line 1108]
Event: 8.498 Thread 0x000001f0ecf000a0 Exception <a 'java/lang/NoSuchMethodError'{0x00000000d9076ab8}: static [I.<clinit>()V> (0x00000000d9076ab8) 
thrown [s\src\hotspot\share\prims\jni.cpp, line 1108]
Event: 9.939 Thread 0x000001f0ecf000a0 Exception <a 'java/lang/NoSuchMethodError'{0x00000000d8f963f8}: static Lcom/intellij/database/remote/jdba/core/ResultLayout;.<clinit>()V> (0x00000000d8f963f8) 
thrown [s\src\hotspot\share\prims\jni.cpp, line 1108]
Event: 9.940 Thread 0x000001f0ecf000a0 Exception <a 'java/lang/NoSuchMethodError'{0x00000000d8fa2ac8}: static Lcom/intellij/database/remote/jdba/core/RowLayout;.<clinit>()V> (0x00000000d8fa2ac8) 
thrown [s\src\hotspot\share\prims\jni.cpp, line 1108]
Event: 9.941 Thread 0x000001f0ecf000a0 Exception <a 'java/lang/NoSuchMethodError'{0x00000000d8fad890}: static Lcom/intellij/database/remote/jdba/util/NameAndClass;.<clinit>()V> (0x00000000d8fad890) 
thrown [s\src\hotspot\share\prims\jni.cpp, line 1108]
Event: 16.411 Thread 0x000001f0ecf000a0 Exception <a 'java/lang/NoSuchMethodError'{0x00000000d8ee0a60}: static [Ljava/lang/String;.<clinit>()V> (0x00000000d8ee0a60) 
thrown [s\src\hotspot\share\prims\jni.cpp, line 1108]
Event: 23.806 Thread 0x000001f0ecf000a0 Exception <a 'java/lang/NoSuchMethodError'{0x00000000d8b0d0e8}: static [Ljava/lang/Object;.<clinit>()V> (0x00000000d8b0d0e8) 
thrown [s\src\hotspot\share\prims\jni.cpp, line 1108]
Event: 37.213 Thread 0x000001f0ecf000a0 Exception <a 'java/lang/reflect/InvocationTargetException'{0x00000000d8832028}> (0x00000000d8832028) 
thrown [s\src\hotspot\share\runtime\reflection.cpp, line 1127]
Event: 37.215 Thread 0x000001f0ecf000a0 Exception <a 'java/lang/NoSuchMethodError'{0x00000000d885c330}: static Lcom/intellij/database/remote/jdba/exceptions/UnknownDBException;.<clinit>()V> (0x00000000d885c330) 
thrown [s\src\hotspot\share\prims\jni.cpp, line 1108]
Event: 37.215 Thread 0x000001f0ecf000a0 Exception <a 'java/lang/NoSuchMethodError'{0x00000000d885d7a0}: static Lcom/intellij/database/remote/jdba/exceptions/DBException;.<clinit>()V> (0x00000000d885d7a0) 
thrown [s\src\hotspot\share\prims\jni.cpp, line 1108]
Event: 37.217 Thread 0x000001f0ecf000a0 Exception <a 'java/lang/NoSuchMethodError'{0x00000000d887e598}: static [Ljava/lang/StackTraceElement;.<clinit>()V> (0x00000000d887e598) 
thrown [s\src\hotspot\share\prims\jni.cpp, line 1108]
Event: 37.690 Thread 0x000001f0ecf000a0 Exception <a 'java/lang/NoSuchMethodError'{0x00000000d88bde40}: 'java.lang.Object java.lang.invoke.DirectMethodHandle$Holder.invokeSpecial(java.lang.Object, java.lang.Object, java.lang.Object, java.lang.Object, int)'> (0x00000000d88bde40) 
thrown [s\src\hotspot\share\interpreter\linkResolver.cpp, line 771]
Event: 37.690 Thread 0x000001f0ecf000a0 Exception <a 'java/lang/NoSuchMethodError'{0x00000000d88c1a08}: 'java.lang.Object java.lang.invoke.Invokers$Holder.linkToTargetMethod(java.lang.Object, java.lang.Object, int, java.lang.Object)'> (0x00000000d88c1a08) 
thrown [s\src\hotspot\share\interpreter\linkResolver.cpp, line 771]
Event: 43.287 Thread 0x000001f0ecf000a0 Exception <a 'java/lang/NoSuchMethodError'{0x00000000d8797f70}: 'void java.lang.invoke.DirectMethodHandle$Holder.invokeStaticInit(java.lang.Object, java.lang.Object)'> (0x00000000d8797f70) 
thrown [s\src\hotspot\share\interpreter\linkResolver.cpp, line 771]
Event: 348.514 Thread 0x000001f0ecf05740 Implicit null exception at 0x000001f0dfedbdb6 to 0x000001f0dfedc0d8
Event: 735.632 Thread 0x000001f0ecf078f0 Exception <a 'java/lang/NoSuchMethodError'{0x00000000d8ebe7a8}: static Lcom/intellij/database/remote/jdbc/RemoteResultSet$DataRetrievingOptions;.<clinit>()V> (0x00000000d8ebe7a8) 
thrown [s\src\hotspot\share\prims\jni.cpp, line 1108]
Event: 1166.867 Thread 0x000001f0ec839890 Implicit null exception at 0x000001f0dfec4f60 to 0x000001f0dfec5018
Event: 1166.879 Thread 0x000001f0ec839890 Exception <a 'java/lang/NoSuchMethodError'{0x00000000d8afed58}: 'void java.lang.invoke.DirectMethodHandle$Holder.invokeStaticInit(java.lang.Object)'> (0x00000000d8afed58) 
thrown [s\src\hotspot\share\interpreter\linkResolver.cpp, line 771]

VM Operations (20 events):
Event: 747.895 Executing VM operation: Cleanup
Event: 747.895 Executing VM operation: Cleanup done
Event: 753.897 Executing VM operation: Cleanup
Event: 753.897 Executing VM operation: Cleanup done
Event: 754.898 Executing VM operation: Cleanup
Event: 754.898 Executing VM operation: Cleanup done
Event: 763.904 Executing VM operation: Cleanup
Event: 763.904 Executing VM operation: Cleanup done
Event: 765.906 Executing VM operation: Cleanup
Event: 765.906 Executing VM operation: Cleanup done
Event: 769.908 Executing VM operation: Cleanup
Event: 769.908 Executing VM operation: Cleanup done
Event: 1030.074 Executing VM operation: Cleanup
Event: 1030.074 Executing VM operation: Cleanup done
Event: 1034.076 Executing VM operation: Cleanup
Event: 1034.077 Executing VM operation: Cleanup done
Event: 1166.883 Executing VM operation: HandshakeAllThreads
Event: 1166.883 Executing VM operation: HandshakeAllThreads done
Event: 1166.883 Executing VM operation: Cleanup
Event: 1166.883 Executing VM operation: Cleanup done

Events (20 events):
Event: 1166.895 loading class sun/awt/SunDisplayChanger
Event: 1166.895 loading class sun/awt/SunDisplayChanger done
Event: 1166.895 loading class java/awt/GraphicsDevice
Event: 1166.895 loading class java/awt/GraphicsDevice done
Event: 1166.895 loading class sun/java2d/d3d/D3DGraphicsDevice
Event: 1166.896 loading class sun/awt/Win32GraphicsDevice
Event: 1166.896 loading class sun/awt/Win32GraphicsDevice done
Event: 1166.896 loading class sun/java2d/d3d/D3DGraphicsDevice done
Event: 1167.021 loading class sun/java2d/d3d/D3DRenderQueue
Event: 1167.021 loading class sun/java2d/pipe/RenderQueue
Event: 1167.021 loading class sun/java2d/pipe/RenderQueue done
Event: 1167.021 loading class sun/java2d/d3d/D3DRenderQueue done
Event: 1167.021 loading class sun/java2d/pipe/RenderBuffer
Event: 1167.022 loading class sun/java2d/pipe/RenderBuffer done
Event: 1167.022 loading class sun/java2d/d3d/D3DRenderQueue$1
Event: 1167.022 loading class sun/java2d/d3d/D3DRenderQueue$1 done
Event: 1167.022 loading class sun/java2d/d3d/D3DGraphicsDevice$1Result
Event: 1167.022 loading class sun/java2d/d3d/D3DGraphicsDevice$1Result done
Event: 1167.022 loading class sun/java2d/d3d/D3DGraphicsDevice$1
Event: 1167.022 loading class sun/java2d/d3d/D3DGraphicsDevice$1 done


Dynamic libraries:
0x00007ff6a0030000 - 0x00007ff6a003a000 	D:\Download\IntelliJIDEA\IntelliJ IDEA 2022.2.2\jbr\bin\java.exe
0x00007ffb87bd0000 - 0x00007ffb87de4000 	C:\WINDOWS\SYSTEM32\ntdll.dll
0x00007ffb865c0000 - 0x00007ffb86683000 	C:\WINDOWS\System32\KERNEL32.DLL
0x00007ffb84ff0000 - 0x00007ffb8538d000 	C:\WINDOWS\System32\KERNELBASE.dll
0x00007ffb857b0000 - 0x00007ffb858c1000 	C:\WINDOWS\System32\ucrtbase.dll
0x00007ffb667f0000 - 0x00007ffb66807000 	D:\Download\IntelliJIDEA\IntelliJ IDEA 2022.2.2\jbr\bin\jli.dll
0x00007ffb583b0000 - 0x00007ffb583cb000 	D:\Download\IntelliJIDEA\IntelliJ IDEA 2022.2.2\jbr\bin\VCRUNTIME140.dll
0x00007ffb86690000 - 0x00007ffb8683d000 	C:\WINDOWS\System32\USER32.dll
0x00007ffb858d0000 - 0x00007ffb858f6000 	C:\WINDOWS\System32\win32u.dll
0x00007ffb874b0000 - 0x00007ffb874d9000 	C:\WINDOWS\System32\GDI32.dll
0x00007ffb6a8c0000 - 0x00007ffb6ab4e000 	C:\WINDOWS\WinSxS\amd64_microsoft.windows.common-controls_6595b64144ccf1df_6.0.22621.608_none_a9444ca7c10bb01d\COMCTL32.dll
0x00007ffb85610000 - 0x00007ffb85722000 	C:\WINDOWS\System32\gdi32full.dll
0x00007ffb869b0000 - 0x00007ffb86a57000 	C:\WINDOWS\System32\msvcrt.dll
0x00007ffb85390000 - 0x00007ffb8542a000 	C:\WINDOWS\System32\msvcp_win.dll
0x00007ffb86040000 - 0x00007ffb86072000 	C:\WINDOWS\System32\IMM32.DLL
0x00007ffb72390000 - 0x00007ffb7239c000 	D:\Download\IntelliJIDEA\IntelliJ IDEA 2022.2.2\jbr\bin\vcruntime140_1.dll
0x00007ffb581d0000 - 0x00007ffb5825d000 	D:\Download\IntelliJIDEA\IntelliJ IDEA 2022.2.2\jbr\bin\msvcp140.dll
0x00007ffb417f0000 - 0x00007ffb42459000 	D:\Download\IntelliJIDEA\IntelliJ IDEA 2022.2.2\jbr\bin\server\jvm.dll
0x00007ffb87360000 - 0x00007ffb8740e000 	C:\WINDOWS\System32\ADVAPI32.dll
0x00007ffb85ce0000 - 0x00007ffb85d84000 	C:\WINDOWS\System32\sechost.dll
0x00007ffb859c0000 - 0x00007ffb85ad5000 	C:\WINDOWS\System32\RPCRT4.dll
0x00007ffb87410000 - 0x00007ffb87418000 	C:\WINDOWS\System32\PSAPI.DLL
0x00007ffb7d760000 - 0x00007ffb7d794000 	C:\WINDOWS\SYSTEM32\WINMM.dll
0x00007ffb7c850000 - 0x00007ffb7c85a000 	C:\WINDOWS\SYSTEM32\VERSION.dll
0x00007ffb80260000 - 0x00007ffb80269000 	C:\WINDOWS\SYSTEM32\WSOCK32.dll
0x00007ffb875a0000 - 0x00007ffb87611000 	C:\WINDOWS\System32\WS2_32.dll
0x00007ffb84050000 - 0x00007ffb84068000 	C:\WINDOWS\SYSTEM32\kernel.appcore.dll
0x00007ffb80210000 - 0x00007ffb8021a000 	D:\Download\IntelliJIDEA\IntelliJ IDEA 2022.2.2\jbr\bin\jimage.dll
0x00007ffb829a0000 - 0x00007ffb82bce000 	C:\WINDOWS\SYSTEM32\DBGHELP.DLL
0x00007ffb86230000 - 0x00007ffb865ba000 	C:\WINDOWS\System32\combase.dll
0x00007ffb87ab0000 - 0x00007ffb87b87000 	C:\WINDOWS\System32\OLEAUT32.dll
0x00007ffb6c580000 - 0x00007ffb6c5b2000 	C:\WINDOWS\SYSTEM32\dbgcore.DLL
0x00007ffb85730000 - 0x00007ffb857ab000 	C:\WINDOWS\System32\bcryptPrimitives.dll
0x00007ffb580a0000 - 0x00007ffb580c5000 	D:\Download\IntelliJIDEA\IntelliJ IDEA 2022.2.2\jbr\bin\java.dll
0x00007ffb62c70000 - 0x00007ffb62c88000 	D:\Download\IntelliJIDEA\IntelliJ IDEA 2022.2.2\jbr\bin\zip.dll
0x00007ffb86a60000 - 0x00007ffb8724f000 	C:\WINDOWS\System32\SHELL32.dll
0x00007ffb83020000 - 0x00007ffb838e8000 	C:\WINDOWS\SYSTEM32\windows.storage.dll
0x00007ffb82ee0000 - 0x00007ffb8301e000 	C:\WINDOWS\SYSTEM32\wintypes.dll
0x00007ffb86840000 - 0x00007ffb86931000 	C:\WINDOWS\System32\SHCORE.dll
0x00007ffb85ae0000 - 0x00007ffb85b3e000 	C:\WINDOWS\System32\shlwapi.dll
0x00007ffb84f20000 - 0x00007ffb84f41000 	C:\WINDOWS\SYSTEM32\profapi.dll
0x00007ffb58260000 - 0x00007ffb58279000 	D:\Download\IntelliJIDEA\IntelliJ IDEA 2022.2.2\jbr\bin\net.dll
0x00007ffb7caa0000 - 0x00007ffb7cbcf000 	C:\WINDOWS\SYSTEM32\WINHTTP.dll
0x00007ffb84520000 - 0x00007ffb84589000 	C:\WINDOWS\system32\mswsock.dll
0x00007ffb55aa0000 - 0x00007ffb55ab6000 	D:\Download\IntelliJIDEA\IntelliJ IDEA 2022.2.2\jbr\bin\nio.dll
0x00007ffb486d0000 - 0x00007ffb48863000 	D:\Download\IntelliJIDEA\IntelliJ IDEA 2022.2.2\jbr\bin\awt.dll
0x00007ffb824a0000 - 0x00007ffb824cb000 	C:\WINDOWS\SYSTEM32\dwmapi.dll
0x00007ffb82070000 - 0x00007ffb82107000 	C:\WINDOWS\SYSTEM32\apphelp.dll
0x00007ffb82210000 - 0x00007ffb822bb000 	C:\WINDOWS\system32\uxtheme.dll
0x00007ffb86110000 - 0x00007ffb8622e000 	C:\WINDOWS\System32\MSCTF.dll
0x00007ffb85b40000 - 0x00007ffb85cdc000 	C:\WINDOWS\System32\ole32.dll
0x00007ffb83b40000 - 0x00007ffb83b6d000 	C:\WINDOWS\SYSTEM32\IPHLPAPI.DLL
0x00007ffb87250000 - 0x00007ffb87259000 	C:\WINDOWS\System32\NSI.dll
0x00007ffb7c9c0000 - 0x00007ffb7c9d9000 	C:\WINDOWS\SYSTEM32\dhcpcsvc6.DLL
0x00007ffb7c9a0000 - 0x00007ffb7c9bf000 	C:\WINDOWS\SYSTEM32\dhcpcsvc.DLL
0x00007ffb83bb0000 - 0x00007ffb83ca2000 	C:\WINDOWS\SYSTEM32\DNSAPI.dll
0x00007ffb84770000 - 0x00007ffb8478b000 	C:\WINDOWS\SYSTEM32\CRYPTSP.dll
0x00007ffb83fc0000 - 0x00007ffb83ff5000 	C:\WINDOWS\system32\rsaenh.dll
0x00007ffb84610000 - 0x00007ffb84638000 	C:\WINDOWS\SYSTEM32\USERENV.dll
0x00007ffb849b0000 - 0x00007ffb849d8000 	C:\WINDOWS\SYSTEM32\bcrypt.dll
0x00007ffb84790000 - 0x00007ffb8479c000 	C:\WINDOWS\SYSTEM32\CRYPTBASE.dll
0x00007ffb5ecc0000 - 0x00007ffb5ecc7000 	D:\Download\IntelliJIDEA\IntelliJ IDEA 2022.2.2\jbr\bin\rmi.dll
0x00007ffb65db0000 - 0x00007ffb65dc0000 	D:\Download\IntelliJIDEA\IntelliJ IDEA 2022.2.2\jbr\bin\verify.dll
0x00007ffb185c0000 - 0x00007ffb186c0000 	C:\WINDOWS\system32\opengl32.dll
0x00007ffb55260000 - 0x00007ffb5528d000 	C:\WINDOWS\SYSTEM32\GLU32.dll
0x00007ffb82350000 - 0x00007ffb82386000 	C:\WINDOWS\SYSTEM32\dxcore.dll
0x00007ffb797e0000 - 0x00007ffb79989000 	C:\WINDOWS\system32\d3d9.dll
0x00007ffb7b3b0000 - 0x00007ffb7b4c7000 	C:\WINDOWS\System32\DriverStore\FileRepository\nvlt.inf_amd64_7947c31fc944635c\nvldumdx.dll
0x00007ffb847e0000 - 0x00007ffb847f2000 	C:\WINDOWS\SYSTEM32\msasn1.dll
0x00007ffb7be50000 - 0x00007ffb7be82000 	C:\WINDOWS\SYSTEM32\cryptnet.dll
0x00007ffb854a0000 - 0x00007ffb85606000 	C:\WINDOWS\System32\CRYPT32.dll
0x00007ffb7bcf0000 - 0x00007ffb7be48000 	C:\WINDOWS\SYSTEM32\drvstore.dll
0x00007ffb84ca0000 - 0x00007ffb84cd3000 	C:\WINDOWS\SYSTEM32\devobj.dll
0x00007ffb84ce0000 - 0x00007ffb84d2e000 	C:\WINDOWS\SYSTEM32\cfgmgr32.dll
0x00007ffb848c0000 - 0x00007ffb84909000 	C:\WINDOWS\SYSTEM32\wldp.dll
0x00007ffb85430000 - 0x00007ffb8549b000 	C:\WINDOWS\System32\WINTRUST.DLL
0x00007ffb87420000 - 0x00007ffb8743f000 	C:\WINDOWS\System32\imagehlp.dll
0x00007ffb053f0000 - 0x00007ffb06bfa000 	C:\WINDOWS\System32\DriverStore\FileRepository\nvlt.inf_amd64_7947c31fc944635c\nvd3dumx.dll
0x00007ffb7eab0000 - 0x00007ffb7eaf9000 	C:\WINDOWS\SYSTEM32\directxdatabasehelper.dll

dbghelp: loaded successfully - version: 4.0.5 - missing functions: none
symbol engine: initialized successfully - sym options: 0x614 - pdb path: .;D:\Download\IntelliJIDEA\IntelliJ IDEA 2022.2.2\jbr\bin;C:\WINDOWS\SYSTEM32;C:\WINDOWS\WinSxS\amd64_microsoft.windows.common-controls_6595b64144ccf1df_6.0.22621.608_none_a9444ca7c10bb01d;D:\Download\IntelliJIDEA\IntelliJ IDEA 2022.2.2\jbr\bin\server;C:\WINDOWS\System32\DriverStore\FileRepository\nvlt.inf_amd64_7947c31fc944635c

VM Arguments:
jvm_args: -Dawt.toolkit=com.intellij.desktop.DesktopActionsToolkit -Djava.rmi.server.hostname=127.0.0.1 -Duser.timezone=UTC -Xmx750m -Xms128m --add-exports=java.desktop/sun.awt=ALL-UNNAMED --add-exports=java.desktop/java.awt.peer=ALL-UNNAMED --add-opens=java.desktop/java.awt=ALL-UNNAMED --add-opens=jdk.unsupported/sun.misc=ALL-UNNAMED --add-opens=java.base/java.nio=ALL-UNNAMED -Dfile.encoding=UTF-8 
java_command: com.intellij.database.remote.RemoteJdbcServer com.mysql.cj.jdbc.Driver
java_class_path (initial): D:\Download\IntelliJIDEA\IntelliJ IDEA 2022.2.2\lib\util_rt.jar;D:\Download\IntelliJIDEA\IntelliJ IDEA 2022.2.2\lib\util.jar;D:\Download\IntelliJIDEA\IntelliJ IDEA 2022.2.2\lib\groovy.jar;D:\Download\IntelliJIDEA\IntelliJ IDEA 2022.2.2\plugins\DatabaseTools\lib\jdbc-console.jar;C:\Users\\AppData\Roaming\JetBrains\IntelliJIdea2022.2\jdbc-drivers\MySQL ConnectorJ\8.0.25\mysql-connector-java-8.0.25.jar
Launcher Type: SUN_STANDARD

[Global flags]
     intx CICompilerCount                          = 4                                         {product} {ergonomic}
     uint ConcGCThreads                            = 2                                         {product} {ergonomic}
     uint G1ConcRefinementThreads                  = 8                                         {product} {ergonomic}
   size_t G1HeapRegionSize                         = 1048576                                   {product} {ergonomic}
    uintx GCDrainStackTargetSize                   = 64                                        {product} {ergonomic}
   size_t InitialHeapSize                          = 134217728                                 {product} {command line}
   size_t MarkStackSize                            = 4194304                                   {product} {ergonomic}
   size_t MaxHeapSize                              = 786432000                                 {product} {command line}
   size_t MaxNewSize                               = 471859200                                 {product} {ergonomic}
   size_t MinHeapDeltaBytes                        = 1048576                                   {product} {ergonomic}
   size_t MinHeapSize                              = 134217728                                 {product} {command line}
    uintx NonNMethodCodeHeapSize                   = 5839372                                {pd product} {ergonomic}
    uintx NonProfiledCodeHeapSize                  = 122909434                              {pd product} {ergonomic}
    uintx ProfiledCodeHeapSize                     = 122909434                              {pd product} {ergonomic}
    uintx ReservedCodeCacheSize                    = 251658240                              {pd product} {ergonomic}
     bool SegmentedCodeCache                       = true                                      {product} {ergonomic}
   size_t SoftMaxHeapSize                          = 786432000                              {manageable} {ergonomic}
     bool UseCompressedClassPointers               = true                           {product lp64_product} {ergonomic}
     bool UseCompressedOops                        = true                           {product lp64_product} {ergonomic}
     bool UseG1GC                                  = true                                      {product} {ergonomic}
     bool UseLargePagesIndividualAllocation        = false                                  {pd product} {ergonomic}

Logging:
Log output configuration:
 #0: stdout all=warning uptime,level,tags
 #1: stderr all=off uptime,level,tags

Environment Variables:
JAVA_HOME=D:\ME_Down\JDK
CLASSPATH=.;D:\ME_Down\JDK\lib\dt.jar;D:\ME_Down\JDK\lib\tools.jar;
PATH=D:\ME_Down\ADB\platform-tools;C:\Program Files (x86)\Common Files\Oracle\Java\javapath;C:\Windows\system32;C:\Windows;C:\Windows\System32\Wbem;C:\Windows\System32\WindowsPowerShell\v1.0\;C:\Windows\System32\OpenSSH\;C:\Program Files (x86)\NVIDIA Corporation\PhysX\Common;C:\Program Files\NVIDIA Corporation\NVIDIA NvDLISR;C:\WINDOWS\system32;C:\WINDOWS;C:\WINDOWS\System32\Wbem;C:\WINDOWS\System32\WindowsPowerShell\v1.0\;C:\WINDOWS\System32\OpenSSH\;D:\ME_Down\mysql\bin;D:\ME_Down\JDK\bin;D:\ME_Down\JDK\jre\bin;D:\Android\Git\Git\cmd;D:\Download\Python\Scripts\;D:\Download\Python\;C:\Users\\AppData\Local\Microsoft\WindowsApps;D:\Download\VisualStudioCode\Microsoft VS Code\bin;D:\Download\IntelliJIDEA\IntelliJ IDEA 2022.2.2\bin;D:\ME_Down\zhuabao\Fiddler;
USERNAME=
OS=Windows_NT
PROCESSOR_IDENTIFIER=Intel64 Family 6 Model 165 Stepping 2, GenuineIntel
TMP=C:\Users\\AppData\Local\Temp
TEMP=C:\Users\\AppData\Local\Temp



---------------  S Y S T E M  ---------------

OS:
 Windows 11 , 64 bit Build 22621 (10.0.22621.963)
OS uptime: 0 days 8:48 hours

CPU: total 8 (initial active 8) (4 cores per cpu, 2 threads per core) family 6 model 165 stepping 2 microcode 0xe0, cx8, cmov, fxsr, ht, mmx, 3dnowpref, sse, sse2, sse3, ssse3, sse4.1, sse4.2, popcnt, lzcnt, tsc, tscinvbit, avx, avx2, aes, erms, clmul, bmi1, bmi2, adx, fma, vzeroupper, clflush, clflushopt

Memory: 4k page, system-wide physical 16291M (1418M free)
TotalPageFile size 29091M (AvailPageFile size 2M)
current process WorkingSet (physical memory assigned to process): 102M, peak: 118M
current process commit charge ("private bytes"): 241M, peak: 250M

vm_info: OpenJDK 64-Bit Server VM (17.0.4+7-b469.53) for windows-amd64 JRE (17.0.4+7-b469.53), built on 2022-08-29 by "builduser" with MS VC++ 16.10 / 16.11 (VS2019)

END.
